<html>
<head>
<title>TestNG:  Test</title>
<link href="../testng.css" rel="stylesheet" type="text/css" />
<link href="../my-testng.css" rel="stylesheet" type="text/css" />

<style type="text/css">
.log { display: none;} 
.stack-trace { display: none;} 
</style>
<script type="text/javascript">
<!--
function flip(e) {
  current = e.style.display;
  if (current == 'block') {
    e.style.display = 'none';
    return 0;
  }
  else {
    e.style.display = 'block';
    return 1;
  }
}

function toggleBox(szDivId, elem, msg1, msg2)
{
  var res = -1;  if (document.getElementById) {
    res = flip(document.getElementById(szDivId));
  }
  else if (document.all) {
    // this is the way old msie versions work
    res = flip(document.all[szDivId]);
  }
  if(elem) {
    if(res == 0) elem.innerHTML = msg1; else elem.innerHTML = msg2;
  }

}

function toggleAllBoxes() {
  if (document.getElementsByTagName) {
    d = document.getElementsByTagName('div');
    for (i = 0; i < d.length; i++) {
      if (d[i].className == 'log') {
        flip(d[i]);
      }
    }
  }
}

// -->
</script>

</head>
<body>
<h2 align='center'>Test</h2><table border='1' align="center">
<tr>
<td>Tests passed/Failed/Skipped:</td><td>5/1/0</td>
</tr><tr>
<td>Started on:</td><td>Sat May 31 09:19:41 IST 2025</td>
</tr>
<tr><td>Total time:</td><td>217 seconds (217820 ms)</td>
</tr><tr>
<td>Included groups:</td><td></td>
</tr><tr>
<td>Excluded groups:</td><td></td>
</tr>
</table><p/>
<small><i>(Hover the method name to see the test class name)</i></small><p/>
<table width='100%' border='1' class='invocation-failed'>
<tr><td colspan='4' align='center'><b>FAILED TESTS</b></td></tr>
<tr><td><b>Test method</b></td>
<td><b>Attribute(s)</b></td>
<td width="30%"><b>Exception</b></td>
<td width="10%"><b>Time (seconds)</b></td>
<td><b>Instance</b></td>
</tr>
<tr>
<td title='TestCases.TC_06EndtoEnd.verify_EndtoENd()'><b>verify_EndtoENd</b><br>Test class: TestCases.TC_06EndtoEnd<br>Parameters: ankit8921@gmail.com, Pass@123, T-Shirt, 21 King St, Mumbai, 400001, 9876543210, Pass</td>
<td><div><pre>java.lang.AssertionError: Expected test to pass, but it failed. expected [true] but found [false]
	at TestCases.TC_06EndtoEnd.verify_EndtoENd(TC_06EndtoEnd.java:124)
	at java.base/java.util.ArrayList.forEach(ArrayList.java:1511)
... Removed 30 stack frames</pre></div><a href='#' onClick='toggleBox("stack-trace527505741", this, "Click to show all stack frames", "Click to hide stack frames")'>Click to show all stack frames</a>
<div class='stack-trace' id='stack-trace527505741'><pre>java.lang.AssertionError: Expected test to pass, but it failed. expected [true] but found [false]
	at org.testng.Assert.fail(Assert.java:111)
	at org.testng.Assert.failNotEquals(Assert.java:1590)
	at org.testng.Assert.assertTrue(Assert.java:57)
	at TestCases.TC_06EndtoEnd.verify_EndtoENd(TC_06EndtoEnd.java:124)
	at java.base/jdk.internal.reflect.NativeMethodAccessorImpl.invoke0(Native Method)
	at java.base/jdk.internal.reflect.NativeMethodAccessorImpl.invoke(NativeMethodAccessorImpl.java:77)
	at java.base/jdk.internal.reflect.DelegatingMethodAccessorImpl.invoke(DelegatingMethodAccessorImpl.java:43)
	at java.base/java.lang.reflect.Method.invoke(Method.java:568)
	at org.testng.internal.invokers.MethodInvocationHelper.invokeMethod(MethodInvocationHelper.java:141)
	at org.testng.internal.invokers.TestInvoker.invokeMethod(TestInvoker.java:687)
	at org.testng.internal.invokers.TestInvoker.invokeTestMethod(TestInvoker.java:230)
	at org.testng.internal.invokers.MethodRunner.runInSequence(MethodRunner.java:63)
	at org.testng.internal.invokers.TestInvoker$MethodInvocationAgent.invoke(TestInvoker.java:995)
	at org.testng.internal.invokers.TestInvoker.invokeTestMethods(TestInvoker.java:203)
	at org.testng.internal.invokers.TestMethodWorker.invokeTestMethods(TestMethodWorker.java:154)
	at org.testng.internal.invokers.TestMethodWorker.run(TestMethodWorker.java:134)
	at java.base/java.util.ArrayList.forEach(ArrayList.java:1511)
	at org.testng.TestRunner.privateRun(TestRunner.java:741)
	at org.testng.TestRunner.run(TestRunner.java:616)
	at org.testng.SuiteRunner.runTest(SuiteRunner.java:421)
	at org.testng.SuiteRunner.runSequentially(SuiteRunner.java:413)
	at org.testng.SuiteRunner.privateRun(SuiteRunner.java:373)
	at org.testng.SuiteRunner.run(SuiteRunner.java:312)
	at org.testng.SuiteRunnerWorker.runSuite(SuiteRunnerWorker.java:52)
	at org.testng.SuiteRunnerWorker.run(SuiteRunnerWorker.java:95)
	at org.testng.TestNG.runSuitesSequentially(TestNG.java:1274)
	at org.testng.TestNG.runSuitesLocally(TestNG.java:1208)
	at org.testng.TestNG.runSuites(TestNG.java:1112)
	at org.testng.TestNG.run(TestNG.java:1079)
	at org.testng.remote.AbstractRemoteTestNG.run(AbstractRemoteTestNG.java:115)
	at org.testng.remote.RemoteTestNG.initAndRun(RemoteTestNG.java:293)
	at org.testng.remote.RemoteTestNG.main(RemoteTestNG.java:91)
</pre></div></td>
<td>54</td>
<td>TestCases.TC_06EndtoEnd@72cc7e6f</td></tr>
</table><p>
<table width='100%' border='1' class='invocation-passed'>
<tr><td colspan='4' align='center'><b>PASSED TESTS</b></td></tr>
<tr><td><b>Test method</b></td>
<td><b>Attribute(s)</b></td>
<td width="30%"><b>Exception</b></td>
<td width="10%"><b>Time (seconds)</b></td>
<td><b>Instance</b></td>
</tr>
<tr>
<td title='TestCases.TC_06EndtoEnd.verify_EndtoENd()'><b>verify_EndtoENd</b><br>Test class: TestCases.TC_06EndtoEnd<br>Parameters: ankit8921@gmail.com, Pass@123, @@@, 45 Queen Ave, Delhi, 110011, 9123456789, Fail</td>
<td></td>
<td>18</td>
<td>TestCases.TC_06EndtoEnd@72cc7e6f</td></tr>
<tr>
<td title='TestCases.TC_01registeration.verify_account_registration()'><b>verify_account_registration</b><br>Test class: TestCases.TC_01registeration<br>Parameters: Aryan, Patel, user32187qe@gmail.com, Abcd@1234, Abcd@12, Fail</td>
<td></td>
<td>13</td>
<td>TestCases.TC_01registeration@7d0b7e3c</td></tr>
<tr>
<td title='TestCases.TC_01registeration.verify_account_registration()'><b>verify_account_registration</b><br>Test class: TestCases.TC_01registeration<br>Parameters: John, Doe, ankit8921@gmail.com, Pass@123, Pass@123, Pass</td>
<td></td>
<td>10</td>
<td>TestCases.TC_01registeration@7d0b7e3c</td></tr>
<tr>
<td title='TestCases.TC_06EndtoEnd.verify_EndtoENd()'><b>verify_EndtoENd</b><br>Test class: TestCases.TC_06EndtoEnd<br>Parameters: ankit8921@gmail.com, Pass@123, shoe, 78 High Rd, Pune, , 9988776655, Fail</td>
<td></td>
<td>74</td>
<td>TestCases.TC_06EndtoEnd@72cc7e6f</td></tr>
<tr>
<td title='TestCases.TC_06EndtoEnd.verify_EndtoENd()'><b>verify_EndtoENd</b><br>Test class: TestCases.TC_06EndtoEnd<br>Parameters: user32187qe@gmail.com, Abcd@1234, sweater, 78 High, bxr, 802101, 8765341209, Fail</td>
<td></td>
<td>14</td>
<td>TestCases.TC_06EndtoEnd@72cc7e6f</td></tr>
</table><p>
</body>
</html>