<?xml version="1.0" encoding="UTF-8"?>
<testng-results ignored="0" total="6" passed="5" failed="1" skipped="0">
  <reporter-output>
  </reporter-output>
  <suite started-at="2025-05-31T09:19:41 IST" name="Suite" finished-at="2025-05-31T09:23:19 IST" duration-ms="217820">
    <groups>
      <group name="Datadriven">
        <method signature="TC_01registeration.verify_account_registration(java.lang.String,java.lang.String,java.lang.String,java.lang.String,java.lang.String,java.lang.String)[pri:0, instance:TestCases.TC_01registeration@7d0b7e3c]" name="verify_account_registration" class="TestCases.TC_01registeration"/>
        <method signature="TC_06EndtoEnd.verify_EndtoENd(java.lang.String,java.lang.String,java.lang.String,java.lang.String,java.lang.String,java.lang.String,java.lang.String,java.lang.String)[pri:0, instance:TestCases.TC_06EndtoEnd@72cc7e6f]" name="verify_EndtoENd" class="TestCases.TC_06EndtoEnd"/>
      </group> <!-- Datadriven -->
    </groups>
    <test started-at="2025-05-31T09:19:41 IST" name="Test" finished-at="2025-05-31T09:23:19 IST" duration-ms="217820">
      <class name="TestCases.TC_01registeration">
        <test-method is-config="true" signature="setup(java.lang.String,java.lang.String)[pri:0, instance:TestCases.TC_01registeration@7d0b7e3c]" started-at="2025-05-31T09:19:43 IST" name="setup" finished-at="2025-05-31T09:19:49 IST" duration-ms="6401" status="PASS">
          <params>
            <param index="0">
              <value>
                <![CDATA[Linux]]>
              </value>
            </param>
            <param index="1">
              <value>
                <![CDATA[chrome]]>
              </value>
            </param>
          </params>
          <reporter-output>
          </reporter-output>
        </test-method> <!-- setup -->
        <test-method signature="verify_account_registration(java.lang.String,java.lang.String,java.lang.String,java.lang.String,java.lang.String,java.lang.String)[pri:0, instance:TestCases.TC_01registeration@7d0b7e3c]" started-at="2025-05-31T09:19:49 IST" name="verify_account_registration" data-provider="Registerdata" finished-at="2025-05-31T09:19:59 IST" duration-ms="10017" status="PASS">
          <params>
            <param index="0">
              <value>
                <![CDATA[John]]>
              </value>
            </param>
            <param index="1">
              <value>
                <![CDATA[Doe]]>
              </value>
            </param>
            <param index="2">
              <value>
                <![CDATA[ankit8921@gmail.com]]>
              </value>
            </param>
            <param index="3">
              <value>
                <![CDATA[Pass@123]]>
              </value>
            </param>
            <param index="4">
              <value>
                <![CDATA[Pass@123]]>
              </value>
            </param>
            <param index="5">
              <value>
                <![CDATA[Pass]]>
              </value>
            </param>
          </params>
          <reporter-output>
          </reporter-output>
        </test-method> <!-- verify_account_registration -->
        <test-method is-config="true" signature="tearDown()[pri:0, instance:TestCases.TC_01registeration@7d0b7e3c]" started-at="2025-05-31T09:19:59 IST" name="tearDown" finished-at="2025-05-31T09:20:00 IST" duration-ms="178" status="PASS">
          <reporter-output>
          </reporter-output>
        </test-method> <!-- tearDown -->
        <test-method is-config="true" signature="setup(java.lang.String,java.lang.String)[pri:0, instance:TestCases.TC_01registeration@7d0b7e3c]" started-at="2025-05-31T09:20:00 IST" name="setup" finished-at="2025-05-31T09:20:05 IST" duration-ms="5783" status="PASS">
          <params>
            <param index="0">
              <value>
                <![CDATA[Linux]]>
              </value>
            </param>
            <param index="1">
              <value>
                <![CDATA[chrome]]>
              </value>
            </param>
          </params>
          <reporter-output>
          </reporter-output>
        </test-method> <!-- setup -->
        <test-method signature="verify_account_registration(java.lang.String,java.lang.String,java.lang.String,java.lang.String,java.lang.String,java.lang.String)[pri:0, instance:TestCases.TC_01registeration@7d0b7e3c]" started-at="2025-05-31T09:20:05 IST" name="verify_account_registration" data-provider="Registerdata" finished-at="2025-05-31T09:20:19 IST" duration-ms="13500" status="PASS">
          <params>
            <param index="0">
              <value>
                <![CDATA[Aryan]]>
              </value>
            </param>
            <param index="1">
              <value>
                <![CDATA[Patel]]>
              </value>
            </param>
            <param index="2">
              <value>
                <![CDATA[user32187qe@gmail.com]]>
              </value>
            </param>
            <param index="3">
              <value>
                <![CDATA[Abcd@1234]]>
              </value>
            </param>
            <param index="4">
              <value>
                <![CDATA[Abcd@12]]>
              </value>
            </param>
            <param index="5">
              <value>
                <![CDATA[Fail]]>
              </value>
            </param>
          </params>
          <reporter-output>
          </reporter-output>
        </test-method> <!-- verify_account_registration -->
        <test-method is-config="true" signature="tearDown()[pri:0, instance:TestCases.TC_01registeration@7d0b7e3c]" started-at="2025-05-31T09:20:19 IST" name="tearDown" finished-at="2025-05-31T09:20:19 IST" duration-ms="123" status="PASS">
          <reporter-output>
          </reporter-output>
        </test-method> <!-- tearDown -->
      </class> <!-- TestCases.TC_01registeration -->
      <class name="TestCases.TC_06EndtoEnd">
        <test-method is-config="true" signature="setup(java.lang.String,java.lang.String)[pri:0, instance:TestCases.TC_06EndtoEnd@72cc7e6f]" started-at="2025-05-31T09:20:20 IST" name="setup" finished-at="2025-05-31T09:20:23 IST" duration-ms="3901" status="PASS">
          <params>
            <param index="0">
              <value>
                <![CDATA[Linux]]>
              </value>
            </param>
            <param index="1">
              <value>
                <![CDATA[chrome]]>
              </value>
            </param>
          </params>
          <reporter-output>
          </reporter-output>
        </test-method> <!-- setup -->
        <test-method signature="verify_EndtoENd(java.lang.String,java.lang.String,java.lang.String,java.lang.String,java.lang.String,java.lang.String,java.lang.String,java.lang.String)[pri:0, instance:TestCases.TC_06EndtoEnd@72cc7e6f]" started-at="2025-05-31T09:20:23 IST" name="verify_EndtoENd" data-provider="EndtoEnddata" finished-at="2025-05-31T09:21:18 IST" duration-ms="54328" status="FAIL">
          <params>
            <param index="0">
              <value>
                <![CDATA[ankit8921@gmail.com]]>
              </value>
            </param>
            <param index="1">
              <value>
                <![CDATA[Pass@123]]>
              </value>
            </param>
            <param index="2">
              <value>
                <![CDATA[T-Shirt]]>
              </value>
            </param>
            <param index="3">
              <value>
                <![CDATA[21 King St]]>
              </value>
            </param>
            <param index="4">
              <value>
                <![CDATA[Mumbai]]>
              </value>
            </param>
            <param index="5">
              <value>
                <![CDATA[400001]]>
              </value>
            </param>
            <param index="6">
              <value>
                <![CDATA[9876543210]]>
              </value>
            </param>
            <param index="7">
              <value>
                <![CDATA[Pass]]>
              </value>
            </param>
          </params>
          <exception class="java.lang.AssertionError">
            <message>
              <![CDATA[Expected test to pass, but it failed. expected [true] but found [false]]]>
            </message>
            <full-stacktrace>
              <![CDATA[java.lang.AssertionError: Expected test to pass, but it failed. expected [true] but found [false]
at org.testng.Assert.fail(Assert.java:111)
at org.testng.Assert.failNotEquals(Assert.java:1590)
at org.testng.Assert.assertTrue(Assert.java:57)
at TestCases.TC_06EndtoEnd.verify_EndtoENd(TC_06EndtoEnd.java:124)
at java.base/jdk.internal.reflect.NativeMethodAccessorImpl.invoke0(Native Method)
at java.base/jdk.internal.reflect.NativeMethodAccessorImpl.invoke(NativeMethodAccessorImpl.java:77)
at java.base/jdk.internal.reflect.DelegatingMethodAccessorImpl.invoke(DelegatingMethodAccessorImpl.java:43)
at java.base/java.lang.reflect.Method.invoke(Method.java:568)
at org.testng.internal.invokers.MethodInvocationHelper.invokeMethod(MethodInvocationHelper.java:141)
at org.testng.internal.invokers.TestInvoker.invokeMethod(TestInvoker.java:687)
at org.testng.internal.invokers.TestInvoker.invokeTestMethod(TestInvoker.java:230)
at org.testng.internal.invokers.MethodRunner.runInSequence(MethodRunner.java:63)
at org.testng.internal.invokers.TestInvoker$MethodInvocationAgent.invoke(TestInvoker.java:995)
at org.testng.internal.invokers.TestInvoker.invokeTestMethods(TestInvoker.java:203)
at org.testng.internal.invokers.TestMethodWorker.invokeTestMethods(TestMethodWorker.java:154)
at org.testng.internal.invokers.TestMethodWorker.run(TestMethodWorker.java:134)
at java.base/java.util.ArrayList.forEach(ArrayList.java:1511)
at org.testng.TestRunner.privateRun(TestRunner.java:741)
at org.testng.TestRunner.run(TestRunner.java:616)
at org.testng.SuiteRunner.runTest(SuiteRunner.java:421)
at org.testng.SuiteRunner.runSequentially(SuiteRunner.java:413)
at org.testng.SuiteRunner.privateRun(SuiteRunner.java:373)
at org.testng.SuiteRunner.run(SuiteRunner.java:312)
at org.testng.SuiteRunnerWorker.runSuite(SuiteRunnerWorker.java:52)
at org.testng.SuiteRunnerWorker.run(SuiteRunnerWorker.java:95)
at org.testng.TestNG.runSuitesSequentially(TestNG.java:1274)
at org.testng.TestNG.runSuitesLocally(TestNG.java:1208)
at org.testng.TestNG.runSuites(TestNG.java:1112)
at org.testng.TestNG.run(TestNG.java:1079)
at org.testng.remote.AbstractRemoteTestNG.run(AbstractRemoteTestNG.java:115)
at org.testng.remote.RemoteTestNG.initAndRun(RemoteTestNG.java:293)
at org.testng.remote.RemoteTestNG.main(RemoteTestNG.java:91)
]]>
            </full-stacktrace>
          </exception> <!-- java.lang.AssertionError -->
          <reporter-output>
          </reporter-output>
        </test-method> <!-- verify_EndtoENd -->
        <test-method is-config="true" signature="tearDown()[pri:0, instance:TestCases.TC_06EndtoEnd@72cc7e6f]" started-at="2025-05-31T09:21:18 IST" name="tearDown" finished-at="2025-05-31T09:21:18 IST" duration-ms="224" status="PASS">
          <reporter-output>
          </reporter-output>
        </test-method> <!-- tearDown -->
        <test-method is-config="true" signature="setup(java.lang.String,java.lang.String)[pri:0, instance:TestCases.TC_06EndtoEnd@72cc7e6f]" started-at="2025-05-31T09:21:18 IST" name="setup" finished-at="2025-05-31T09:21:22 IST" duration-ms="3982" status="PASS">
          <params>
            <param index="0">
              <value>
                <![CDATA[Linux]]>
              </value>
            </param>
            <param index="1">
              <value>
                <![CDATA[chrome]]>
              </value>
            </param>
          </params>
          <reporter-output>
          </reporter-output>
        </test-method> <!-- setup -->
        <test-method signature="verify_EndtoENd(java.lang.String,java.lang.String,java.lang.String,java.lang.String,java.lang.String,java.lang.String,java.lang.String,java.lang.String)[pri:0, instance:TestCases.TC_06EndtoEnd@72cc7e6f]" started-at="2025-05-31T09:21:22 IST" name="verify_EndtoENd" data-provider="EndtoEnddata" finished-at="2025-05-31T09:21:41 IST" duration-ms="18706" status="PASS">
          <params>
            <param index="0">
              <value>
                <![CDATA[ankit8921@gmail.com]]>
              </value>
            </param>
            <param index="1">
              <value>
                <![CDATA[Pass@123]]>
              </value>
            </param>
            <param index="2">
              <value>
                <![CDATA[@@@]]>
              </value>
            </param>
            <param index="3">
              <value>
                <![CDATA[45 Queen Ave]]>
              </value>
            </param>
            <param index="4">
              <value>
                <![CDATA[Delhi]]>
              </value>
            </param>
            <param index="5">
              <value>
                <![CDATA[110011]]>
              </value>
            </param>
            <param index="6">
              <value>
                <![CDATA[9123456789]]>
              </value>
            </param>
            <param index="7">
              <value>
                <![CDATA[Fail]]>
              </value>
            </param>
          </params>
          <reporter-output>
          </reporter-output>
        </test-method> <!-- verify_EndtoENd -->
        <test-method is-config="true" signature="tearDown()[pri:0, instance:TestCases.TC_06EndtoEnd@72cc7e6f]" started-at="2025-05-31T09:21:41 IST" name="tearDown" finished-at="2025-05-31T09:21:41 IST" duration-ms="117" status="PASS">
          <reporter-output>
          </reporter-output>
        </test-method> <!-- tearDown -->
        <test-method is-config="true" signature="setup(java.lang.String,java.lang.String)[pri:0, instance:TestCases.TC_06EndtoEnd@72cc7e6f]" started-at="2025-05-31T09:21:41 IST" name="setup" finished-at="2025-05-31T09:21:45 IST" duration-ms="4263" status="PASS">
          <params>
            <param index="0">
              <value>
                <![CDATA[Linux]]>
              </value>
            </param>
            <param index="1">
              <value>
                <![CDATA[chrome]]>
              </value>
            </param>
          </params>
          <reporter-output>
          </reporter-output>
        </test-method> <!-- setup -->
        <test-method signature="verify_EndtoENd(java.lang.String,java.lang.String,java.lang.String,java.lang.String,java.lang.String,java.lang.String,java.lang.String,java.lang.String)[pri:0, instance:TestCases.TC_06EndtoEnd@72cc7e6f]" started-at="2025-05-31T09:21:45 IST" name="verify_EndtoENd" data-provider="EndtoEnddata" finished-at="2025-05-31T09:23:00 IST" duration-ms="74331" status="PASS">
          <params>
            <param index="0">
              <value>
                <![CDATA[ankit8921@gmail.com]]>
              </value>
            </param>
            <param index="1">
              <value>
                <![CDATA[Pass@123]]>
              </value>
            </param>
            <param index="2">
              <value>
                <![CDATA[shoe]]>
              </value>
            </param>
            <param index="3">
              <value>
                <![CDATA[78 High Rd]]>
              </value>
            </param>
            <param index="4">
              <value>
                <![CDATA[Pune]]>
              </value>
            </param>
            <param index="5">
              <value>
                <![CDATA[]]>
              </value>
            </param>
            <param index="6">
              <value>
                <![CDATA[9988776655]]>
              </value>
            </param>
            <param index="7">
              <value>
                <![CDATA[Fail]]>
              </value>
            </param>
          </params>
          <reporter-output>
          </reporter-output>
        </test-method> <!-- verify_EndtoENd -->
        <test-method is-config="true" signature="tearDown()[pri:0, instance:TestCases.TC_06EndtoEnd@72cc7e6f]" started-at="2025-05-31T09:23:00 IST" name="tearDown" finished-at="2025-05-31T09:23:00 IST" duration-ms="253" status="PASS">
          <reporter-output>
          </reporter-output>
        </test-method> <!-- tearDown -->
        <test-method is-config="true" signature="setup(java.lang.String,java.lang.String)[pri:0, instance:TestCases.TC_06EndtoEnd@72cc7e6f]" started-at="2025-05-31T09:23:00 IST" name="setup" finished-at="2025-05-31T09:23:04 IST" duration-ms="4139" status="PASS">
          <params>
            <param index="0">
              <value>
                <![CDATA[Linux]]>
              </value>
            </param>
            <param index="1">
              <value>
                <![CDATA[chrome]]>
              </value>
            </param>
          </params>
          <reporter-output>
          </reporter-output>
        </test-method> <!-- setup -->
        <test-method signature="verify_EndtoENd(java.lang.String,java.lang.String,java.lang.String,java.lang.String,java.lang.String,java.lang.String,java.lang.String,java.lang.String)[pri:0, instance:TestCases.TC_06EndtoEnd@72cc7e6f]" started-at="2025-05-31T09:23:04 IST" name="verify_EndtoENd" data-provider="EndtoEnddata" finished-at="2025-05-31T09:23:18 IST" duration-ms="14402" status="PASS">
          <params>
            <param index="0">
              <value>
                <![CDATA[user32187qe@gmail.com]]>
              </value>
            </param>
            <param index="1">
              <value>
                <![CDATA[Abcd@1234]]>
              </value>
            </param>
            <param index="2">
              <value>
                <![CDATA[sweater]]>
              </value>
            </param>
            <param index="3">
              <value>
                <![CDATA[78 High]]>
              </value>
            </param>
            <param index="4">
              <value>
                <![CDATA[bxr]]>
              </value>
            </param>
            <param index="5">
              <value>
                <![CDATA[802101]]>
              </value>
            </param>
            <param index="6">
              <value>
                <![CDATA[8765341209]]>
              </value>
            </param>
            <param index="7">
              <value>
                <![CDATA[Fail]]>
              </value>
            </param>
          </params>
          <reporter-output>
          </reporter-output>
        </test-method> <!-- verify_EndtoENd -->
        <test-method is-config="true" signature="tearDown()[pri:0, instance:TestCases.TC_06EndtoEnd@72cc7e6f]" started-at="2025-05-31T09:23:18 IST" name="tearDown" finished-at="2025-05-31T09:23:19 IST" duration-ms="146" status="PASS">
          <reporter-output>
          </reporter-output>
        </test-method> <!-- tearDown -->
      </class> <!-- TestCases.TC_06EndtoEnd -->
    </test> <!-- Test -->
  </suite> <!-- Suite -->
</testng-results>
